<?xml version="1.0" encoding="UTF-8"?>
<!-- Generated by org.testng.reporters.JUnitXMLReporter -->
<testsuite ignored="10" hostname="AjayGayathri" failures="0" tests="2" name="Car loan" time="0.055" errors="0" timestamp="2024-08-23T23:25:42 IST">
  <testcase classname="org.testng.TestNGDay3" name="LoginAPICarLoan" time="0.005"/>
  <testcase classname="org.testng.TestNGDay3" name="WebLoginCarLoan" time="0.023"/>
  <testcase classname="org.testng.TestNGDay3" name="MobileLogin9CarLoan" time="0.0">
    <ignored/>
  </testcase> <!-- MobileLogin9CarLoan -->
  <testcase classname="org.testng.TestNGDay3" name="MobileLogin2CarLoan" time="0.0">
    <ignored/>
  </testcase> <!-- MobileLogin2CarLoan -->
  <testcase classname="org.testng.TestNGDay3" name="MobileLogin3CarLoan" time="0.0">
    <ignored/>
  </testcase> <!-- MobileLogin3CarLoan -->
  <testcase classname="org.testng.TestNGDay3" name="MobileLogin5CarLoan" time="0.0">
    <ignored/>
  </testcase> <!-- MobileLogin5CarLoan -->
  <testcase classname="org.testng.TestNGDay3" name="MobileLogin7CarLoan" time="0.0">
    <ignored/>
  </testcase> <!-- MobileLogin7CarLoan -->
  <testcase classname="org.testng.TestNGDay3" name="MobileLogin4CarLoan" time="0.0">
    <ignored/>
  </testcase> <!-- MobileLogin4CarLoan -->
  <testcase classname="org.testng.TestNGDay3" name="MobileLogin6CarLoan" time="0.0">
    <ignored/>
  </testcase> <!-- MobileLogin6CarLoan -->
  <testcase classname="org.testng.TestNGDay3" name="MobileLogin10CarLoan" time="0.0">
    <ignored/>
  </testcase> <!-- MobileLogin10CarLoan -->
  <testcase classname="org.testng.TestNGDay3" name="MobileLoginCarLoan" time="0.0">
    <ignored/>
  </testcase> <!-- MobileLoginCarLoan -->
  <testcase classname="org.testng.TestNGDay3" name="MobileLogin8CarLoan" time="0.0">
    <ignored/>
  </testcase> <!-- MobileLogin8CarLoan -->
</testsuite> <!-- Car loan -->
