<?xml version="1.0" encoding="UTF-8"?>
<!-- Generated by org.testng.reporters.JUnitXMLReporter -->
<testsuite ignored="2" hostname="AjayGayathri" failures="0" tests="4" name="Personal loan" time="0.158" errors="0" timestamp="2024-08-23T23:25:42 IST">
  <testcase classname="org.testng.TestNGDay2" name="personalLoan" time="0.024"/>
  <testcase classname="org.testng.TestNGDay01" name="demo" time="0.004"/>
  <testcase classname="org.testng.TestNGDay01" name="secondTestCase" time="0.004"/>
  <testcase classname="org.testng.TestNGDay3dot1" name="LoginAPIHomeLoan" time="0.006"/>
  <testcase classname="org.testng.TestNGDay3dot1" name="WebLoginHomeLoan" time="0.0">
    <ignored/>
  </testcase> <!-- WebLoginHomeLoan -->
  <testcase classname="org.testng.TestNGDay3dot1" name="MobileLoginHomeLoan" time="0.0">
    <ignored/>
  </testcase> <!-- MobileLoginHomeLoan -->
</testsuite> <!-- Personal loan -->
