<?xml version="1.0" encoding="UTF-8"?>
<!-- Generated by org.testng.reporters.JUnitXMLReporter -->
<testsuite ignored="0" hostname="AjayGayathri" failures="0" tests="3" name="Test" time="0.147" errors="0" timestamp="2024-08-23T16:16:41 IST">
  <testcase classname="org.testng.TestNGDay01" name="demo" time="0.027"/>
  <testcase classname="org.testng.TestNGDay01" name="secondTestCase" time="0.014"/>
  <testcase classname="org.testng.TestNGDay2" name="personalLoan" time="0.003"/>
</testsuite> <!-- Test -->
